  test.cpp
C:\github上传代码\Data-Structure\hash\hash\hash.h(139,2): warning C4018: “<”: 有符号/无符号不匹配
C:\github上传代码\Data-Structure\hash\hash\hash.h(133): message : 在编译 类 模板 成员函数“std::pair<HASH_BUCKET::HashNode<std::pair<K,V>> *,bool> HASH_BUCKET::HashTable<K,V>::Insert(const std::pair<K,V> &)”时
          with
          [
              K=int,
              V=int
          ]
C:\github上传代码\Data-Structure\hash\hash\hash.h(215): message : 查看对正在编译的函数 模板 实例化“std::pair<HASH_BUCKET::HashNode<std::pair<K,V>> *,bool> HASH_BUCKET::HashTable<K,V>::Insert(const std::pair<K,V> &)”的引用
          with
          [
              K=int,
              V=int
          ]
C:\github上传代码\Data-Structure\hash\hash\hash.h(214): message : 查看对正在编译的 类 模板 实例化“HASH_BUCKET::HashTable<int,int>”的引用
C:\github上传代码\Data-Structure\hash\hash\hash.h(36,2): warning C4018: “<”: 有符号/无符号不匹配
C:\github上传代码\Data-Structure\hash\hash\hash.h(27): message : 在编译 类 模板 成员函数“std::pair<Hash_Close::HashData<std::pair<K,V>> *,bool> Hash_Close::HashTable<K,V>::Insert(std::pair<K,V>)”时
          with
          [
              K=int,
              V=int
          ]
C:\github上传代码\Data-Structure\hash\hash\hash.h(97): message : 查看对正在编译的函数 模板 实例化“std::pair<Hash_Close::HashData<std::pair<K,V>> *,bool> Hash_Close::HashTable<K,V>::Insert(std::pair<K,V>)”的引用
          with
          [
              K=int,
              V=int
          ]
C:\github上传代码\Data-Structure\hash\hash\hash.h(96): message : 查看对正在编译的 类 模板 实例化“Hash_Close::HashTable<int,int>”的引用
  hash.vcxproj -> C:\github上传代码\Data-Structure\hash\Debug\hash.exe
