生成启动时间为 2020/3/16 9:09:10。
     1>项目“C:\github上传代码\Data-Structure\排序算法总结\排序算法总结.vcxproj”在节点 2 上(Build 个目标)。
     1>ClCompile:
         E:\VS2013\VC\bin\CL.exe /c /ZI /nologo /W3 /WX- /Od /Oy- /D WIN32 /D _DEBUG /D _CONSOLE /D _LIB /D _UNICODE /D UNICODE /Gm /EHsc /RTC1 /MDd /GS /fp:precise /Zc:wchar_t /Zc:forScope /Fo"Debug\\" /Fd"Debug\vc120.pdb" /Gd /TP /analyze- /errorReport:prompt main.cpp "冒泡排序.cpp" "插入排序.cpp" "选择排序.cpp"
         插入排序.cpp
     1>c:\github上传代码\data-structure\排序算法总结\插入排序.cpp(4): warning C4018: “<”: 有符号/无符号不匹配
         main.cpp
     1>c:\github上传代码\data-structure\排序算法总结\main.cpp(7): warning C4018: “<”: 有符号/无符号不匹配
     1>c:\github上传代码\data-structure\排序算法总结\main.cpp(14): warning C4018: “<”: 有符号/无符号不匹配
     1>c:\github上传代码\data-structure\排序算法总结\main.cpp(23): warning C4018: “<”: 有符号/无符号不匹配
     1>c:\github上传代码\data-structure\排序算法总结\main.cpp(30): warning C4018: “<”: 有符号/无符号不匹配
     1>c:\github上传代码\data-structure\排序算法总结\main.cpp(39): warning C4018: “<”: 有符号/无符号不匹配
     1>c:\github上传代码\data-structure\排序算法总结\main.cpp(46): warning C4018: “<”: 有符号/无符号不匹配
         正在生成代码...
         正在编译...
         选择排序.cpp
     1>c:\github上传代码\data-structure\排序算法总结\选择排序.cpp(4): warning C4018: “<”: 有符号/无符号不匹配
     1>c:\github上传代码\data-structure\排序算法总结\选择排序.cpp(7): warning C4018: “<”: 有符号/无符号不匹配
         冒泡排序.cpp
     1>c:\github上传代码\data-structure\排序算法总结\冒泡排序.cpp(6): warning C4018: “<”: 有符号/无符号不匹配
     1>c:\github上传代码\data-structure\排序算法总结\冒泡排序.cpp(9): warning C4018: “<”: 有符号/无符号不匹配
     1>c:\github上传代码\data-structure\排序算法总结\冒泡排序.cpp(17): warning C4018: “<”: 有符号/无符号不匹配
     1>c:\github上传代码\data-structure\排序算法总结\冒泡排序.cpp(27): warning C4018: “<”: 有符号/无符号不匹配
     1>c:\github上传代码\data-structure\排序算法总结\冒泡排序.cpp(31): warning C4018: “<”: 有符号/无符号不匹配
     1>c:\github上传代码\data-structure\排序算法总结\冒泡排序.cpp(42): warning C4018: “<”: 有符号/无符号不匹配
         正在生成代码...
       Link:
         E:\VS2013\VC\bin\link.exe /ERRORREPORT:PROMPT /OUT:"C:\github上传代码\Data-Structure\排序算法总结\Debug\排序算法总结.exe" /INCREMENTAL /NOLOGO kernel32.lib user32.lib gdi32.lib winspool.lib comdlg32.lib advapi32.lib shell32.lib ole32.lib oleaut32.lib uuid.lib odbc32.lib odbccp32.lib /MANIFEST /MANIFESTUAC:"level='asInvoker' uiAccess='false'" /manifest:embed /DEBUG /PDB:"C:\github上传代码\Data-Structure\排序算法总结\Debug\排序算法总结.pdb" /SUBSYSTEM:CONSOLE /TLBID:1 /DYNAMICBASE /NXCOMPAT /IMPLIB:"C:\github上传代码\Data-Structure\排序算法总结\Debug\排序算法总结.lib" /MACHINE:X86 Debug\main.obj
         "Debug\冒泡排序.obj"
         "Debug\插入排序.obj"
         "Debug\选择排序.obj"
         排序算法总结.vcxproj -> C:\github上传代码\Data-Structure\排序算法总结\Debug\排序算法总结.exe
     1>已完成生成项目“C:\github上传代码\Data-Structure\排序算法总结\排序算法总结.vcxproj”(Build 个目标)的操作。

生成成功。

已用时间 00:00:01.76
