生成启动时间为 2020/3/19 16:46:38。
     1>项目“C:\github上传代码\Data-Structure\AVL_Tree\AVL_Tree.vcxproj”在节点 2 上(Build 个目标)。
     1>ClCompile:
         E:\VS2013\VC\bin\CL.exe /c /ZI /nologo /W3 /WX- /Od /Oy- /D WIN32 /D _DEBUG /D _CONSOLE /D _LIB /D _UNICODE /D UNICODE /Gm /EHsc /RTC1 /MDd /GS /fp:precise /Zc:wchar_t /Zc:forScope /Fo"Debug\\" /Fd"Debug\vc120.pdb" /Gd /TP /analyze- /errorReport:prompt main.cpp
         main.cpp
     1>c:\github上传代码\data-structure\avl_tree\avltree.hpp(91): error C2601: “RotateL”: 本地函数定义是非法的
                 c:\github上传代码\data-structure\avl_tree\avltree.hpp(27): 编译类 模板 成员函数“std::pair<AVLTreeNode<K,V> *,bool> AVLTree<K,V>::Insert(const std::pair<K,V> &)”时
                 with
                 [
                     K=int
         ,            V=int
                 ]
                 c:\github上传代码\data-structure\avl_tree\main.cpp(5): 参见对正在编译的函数 模板 实例化“std::pair<AVLTreeNode<K,V> *,bool> AVLTree<K,V>::Insert(const std::pair<K,V> &)”的引用
                 with
                 [
                     K=int
         ,            V=int
                 ]
                 c:\github上传代码\data-structure\avl_tree\main.cpp(4): 参见对正在编译的类 模板 实例化“AVLTree<int,int>”的引用
     1>c:\github上传代码\data-structure\avl_tree\avltree.hpp(97): error C2601: “RotateR”: 本地函数定义是非法的
     1>已完成生成项目“C:\github上传代码\Data-Structure\AVL_Tree\AVL_Tree.vcxproj”(Build 个目标)的操作 - 失败。

生成失败。

已用时间 00:00:00.25
